<?xml version="1.0" encoding="UTF-8"?>
<testng-results skipped="0" failed="0" ignored="0" total="1" passed="1">
  <reporter-output>
  </reporter-output>
  <suite name="Default suite" duration-ms="3725" started-at="2022-07-29T06:03:36Z" finished-at="2022-07-29T06:03:40Z">
    <groups>
    </groups>
    <test name="Default test" duration-ms="3725" started-at="2022-07-29T06:03:36Z" finished-at="2022-07-29T06:03:40Z">
      <class name="com.api.OMRBranchAPI">
        <test-method status="PASS" signature="getusers()[pri:0, instance:com.api.OMRBranchAPI@7722c3c3]" name="getusers" duration-ms="3699" started-at="2022-07-29T06:03:36Z" finished-at="2022-07-29T06:03:40Z">
          <reporter-output>
          </reporter-output>
        </test-method> <!-- getusers -->
      </class> <!-- com.api.OMRBranchAPI -->
    </test> <!-- Default test -->
  </suite> <!-- Default suite -->
</testng-results>
